[Message: Preloader] BepInEx 6.0.0-be.752 - Slut Phone (21.03.2026 21:28:27)
[Message: Preloader] Built from commit dd0655fe9d7473b18b0af759448adaf272878fcf
[Info   :   BepInEx] System platform: Windows 10 64-bit
[Info   :   BepInEx] Process bitness: 64-bit (x64)
[Info   :   BepInEx] Running under Unity 2022.3.62f2
[Info   :   BepInEx] Runtime version: 6.0.7
[Info   :   BepInEx] Runtime information: .NET 6.0.7
[Message:InteropManager] Downloading unity base libraries from https://unity.bepinex.dev/libraries/2022.3.62.zip
[Message:InteropManager] Extracting unity base libraries from C:\Users\CdemyTeilnehmer\Downloads\SlutPhone-0.95-Windows64\BepInEx\unity-libs\2022.3.62.zip
[Message:InteropManager] Running Cpp2IL to generate dummy assemblies from C:\Users\CdemyTeilnehmer\Downloads\SlutPhone-0.95-Windows64\Slut Phone_Data/il2cpp_data/Metadata/global-metadata.dat
[Info   :    Cpp2IL] [Library] Initializing Metadata...
[Info   :    Cpp2IL] [Library] Using actual IL2CPP Metadata version 31
[Info   :    Cpp2IL] [Library] Initialized Metadata in 745ms
[Info   :    Cpp2IL] [Library] Using binary type Portable Executable (from LibCpp2IL)
[Info   :    Cpp2IL] [Library] Searching Binary for Required Data...
[Info   :    Cpp2IL] [Library] Got Binary codereg: 0x181FD1FA0, metareg: 0x1822D4950 in 232ms.
[Info   :    Cpp2IL] [Library] Initializing Binary...
[Info   :    Cpp2IL] [Library] Initialized Binary in 186ms
[Info   :    Cpp2IL] [Library] Mapping pointers to Il2CppMethodDefinitions...
[Info   :    Cpp2IL] [Library] Processed 78309 OK (177ms)
[Info   :    Cpp2IL] [Program] Creating application model...
[Info   :    Cpp2IL] [Program] Application model created in 2954,7917ms
[Info   :InteropManager] Cpp2IL finished in 00:00:12.3318961
[Info   :InteropManager] Generating interop assemblies
[Info   :Il2CppInteropGen] Reading assemblies...
[Info   :Il2CppInteropGen] Done in 00:00:00.0186947
[Info   :Il2CppInteropGen] Reading unity assemblies...
[Info   :Il2CppInteropGen] Done in 00:00:00.6128193
[Info   :Il2CppInteropGen] Creating rewrite assemblies...
[Info   :Il2CppInteropGen] Done in 00:00:00.0564622
[Info   :Il2CppInteropGen] Computing renames...
[Info   :Il2CppInteropGen] Done in 00:00:00.0932112
[Info   :Il2CppInteropGen] Creating typedefs...
[Info   :Il2CppInteropGen] Done in 00:00:00.0876121
[Info   :Il2CppInteropGen] Computing struct blittability...
[Info   :Il2CppInteropGen] Done in 00:00:00.0167655
[Info   :Il2CppInteropGen] Filling typedefs...
[Info   :Il2CppInteropGen] Done in 00:00:00.1344973
[Info   :Il2CppInteropGen] Filling generic constraints...
[Info   :Il2CppInteropGen] Done in 00:00:00.0066861
[Info   :Il2CppInteropGen] Creating members...
[Info   :Il2CppInteropGen] Done in 00:00:04.0179651
[Info   :Il2CppInteropGen] Scanning method cross-references...
[Info   :Il2CppInteropGen] Done in 00:00:01.6991474
[Info   :Il2CppInteropGen] Finalizing method declarations...
[Info   :Il2CppInteropGen] Done in 00:00:04.5222040
[Info   :Il2CppInteropGen] 37 total potentially dead methods
[Info   :Il2CppInteropGen] Filling method parameters...
[Info   :Il2CppInteropGen] Done in 00:00:02.0955188
[Info   :Il2CppInteropGen] Creating static constructors...
[Info   :Il2CppInteropGen] Done in 00:00:00.7354843
[Info   :Il2CppInteropGen] Creating value type fields...
[Info   :Il2CppInteropGen] Done in 00:00:00.1178858
[Info   :Il2CppInteropGen] Creating enums...
[Info   :Il2CppInteropGen] Done in 00:00:00.3519853
[Info   :Il2CppInteropGen] Creating IntPtr constructors...
[Info   :Il2CppInteropGen] Done in 00:00:00.3335765
[Info   :Il2CppInteropGen] Creating non-blittable struct constructors...
[Info   :Il2CppInteropGen] Done in 00:00:00.0086898
[Info   :Il2CppInteropGen] Creating generic method static constructors...
[Info   :Il2CppInteropGen] Done in 00:00:00.2182001
[Info   :Il2CppInteropGen] Creating field accessors...
[Info   :Il2CppInteropGen] Done in 00:00:04.3759077
[Info   :Il2CppInteropGen] Filling methods...
[Info   :Il2CppInteropGen] Done in 00:00:02.3503702
[Info   :Il2CppInteropGen] Generating implicit conversions...
[Info   :Il2CppInteropGen] Done in 00:00:00.1352340
[Info   :Il2CppInteropGen] Implementing awaiters...
[Info   :Il2CppInteropGen] Done in 00:00:00.0286893
[Info   :Il2CppInteropGen] Creating properties...
[Info   :Il2CppInteropGen] Done in 00:00:00.5246984
[Info   :Il2CppInteropGen] Unstripping types...
[Info   :Il2CppInteropGen] Done in 00:00:00.3206178
[Info   :Il2CppInteropGen] Unstripping fields...
[Info   :Il2CppInteropGen] Restored 458 fields
[Info   :Il2CppInteropGen] Failed to restore 4 fields
[Info   :Il2CppInteropGen] Done in 00:00:00.0221653
[Info   :Il2CppInteropGen] Unstripping methods...
[Info   :Il2CppInteropGen] Restored 16156 methods
[Info   :Il2CppInteropGen] Failed to restore 1125 methods
[Info   :Il2CppInteropGen] Done in 00:00:03.5702110
[Info   :Il2CppInteropGen] Unstripping method bodies...
[Info   :Il2CppInteropGen] IL unstrip statistics: 8652 successful, 1384 failed
[Info   :Il2CppInteropGen] Done in 00:00:00.7567572
[Info   :Il2CppInteropGen] Writing xref cache...
[Info   :Il2CppInteropGen] Done in 00:00:02.6435826
[Info   :Il2CppInteropGen] Writing assemblies...
[Info   :Il2CppInteropGen] Done in 00:00:39.4741287
[Info   :Il2CppInteropGen] Writing method pointer map...
[Info   :Il2CppInteropGen] Done in 00:00:00.5652229
[Info   :Il2CppInteropGen] Clearing static data...
[Info   :Il2CppInteropGen] Done in 00:00:00.0012119
[Info   :Il2CppInteropGen] Done!
[Info   : Preloader] 0 patcher plugins loaded
[Info   : Preloader] 0 assemblies discovered
[Message:AssemblyPatcher] Executing 0 patch(es)
[Message:   BepInEx] Chainloader initialized
[Warning:Il2CppInterop] Class::Init signatures have been exhausted, using a substitute!
[Info   :Il2CppInterop] Registered mono type Il2CppInterop.Runtime.DelegateSupport+Il2CppToMonoDelegateReference in il2cpp domain
[Info   :   BepInEx] 0 plugins to load
[Message:   BepInEx] Chainloader startup complete
